Start Test on Sparsity: 0%
Before Finetuning Accuracy: 0.6950, F1 Score: 0.6069
Epoch: 0, Accuracy: 0.8456, F1 Score: 0.8385
Epoch: 1, Accuracy: 0.8886, F1 Score: 0.8840
Epoch: 2, Accuracy: 0.9228, F1 Score: 0.9204
Epoch: 3, Accuracy: 0.9336, F1 Score: 0.9316
Epoch: 4, Accuracy: 0.9328, F1 Score: 0.9304
Epoch: 5, Accuracy: 0.9746, F1 Score: 0.9745
Epoch: 6, Accuracy: 0.9853, F1 Score: 0.9853
Epoch: 7, Accuracy: 0.9871, F1 Score: 0.9871
Epoch: 8, Accuracy: 0.9924, F1 Score: 0.9924
Epoch: 9, Accuracy: 0.9933, F1 Score: 0.9933
Model Sparsity After Finetuning: 0.00%
----------------------------------------
Start Test on Sparsity: 10%
Before Finetuning Accuracy: 0.2956, F1 Score: 0.1349
Epoch: 0, Accuracy: 0.8418, F1 Score: 0.8307
Epoch: 1, Accuracy: 0.8868, F1 Score: 0.8812
Epoch: 2, Accuracy: 0.9201, F1 Score: 0.9175
Epoch: 3, Accuracy: 0.9363, F1 Score: 0.9347
Epoch: 4, Accuracy: 0.9296, F1 Score: 0.9276
Epoch: 5, Accuracy: 0.9732, F1 Score: 0.9731
Epoch: 6, Accuracy: 0.9848, F1 Score: 0.9848
Epoch: 7, Accuracy: 0.9894, F1 Score: 0.9893
Epoch: 8, Accuracy: 0.9894, F1 Score: 0.9893
Epoch: 9, Accuracy: 0.9925, F1 Score: 0.9925
Model Sparsity After Finetuning: 10.00%
----------------------------------------
Start Test on Sparsity: 20%
Before Finetuning Accuracy: 0.7044, F1 Score: 0.5822
Epoch: 0, Accuracy: 0.8481, F1 Score: 0.8397
Epoch: 1, Accuracy: 0.9053, F1 Score: 0.9018
Epoch: 2, Accuracy: 0.9228, F1 Score: 0.9205
Epoch: 3, Accuracy: 0.9391, F1 Score: 0.9384
Epoch: 4, Accuracy: 0.9370, F1 Score: 0.9352
Epoch: 5, Accuracy: 0.9737, F1 Score: 0.9736
Epoch: 6, Accuracy: 0.9874, F1 Score: 0.9874
Epoch: 7, Accuracy: 0.9908, F1 Score: 0.9907
Epoch: 8, Accuracy: 0.9822, F1 Score: 0.9821
Epoch: 9, Accuracy: 0.9903, F1 Score: 0.9903
Model Sparsity After Finetuning: 20.00%
----------------------------------------
Start Test on Sparsity: 30%
Before Finetuning Accuracy: 0.7044, F1 Score: 0.5822
Epoch: 0, Accuracy: 0.8336, F1 Score: 0.8201
Epoch: 1, Accuracy: 0.8990, F1 Score: 0.8966
Epoch: 2, Accuracy: 0.9255, F1 Score: 0.9233
Epoch: 3, Accuracy: 0.9379, F1 Score: 0.9367
Epoch: 4, Accuracy: 0.9347, F1 Score: 0.9332
Epoch: 5, Accuracy: 0.9437, F1 Score: 0.9421
Epoch: 6, Accuracy: 0.9830, F1 Score: 0.9830
Epoch: 7, Accuracy: 0.9857, F1 Score: 0.9857
Epoch: 8, Accuracy: 0.9898, F1 Score: 0.9898
Epoch: 9, Accuracy: 0.9897, F1 Score: 0.9897
Model Sparsity After Finetuning: 30.00%
----------------------------------------
Start Test on Sparsity: 40%
Before Finetuning Accuracy: 0.3198, F1 Score: 0.2321
Epoch: 0, Accuracy: 0.8265, F1 Score: 0.8110
Epoch: 1, Accuracy: 0.8737, F1 Score: 0.8660
Epoch: 2, Accuracy: 0.9278, F1 Score: 0.9261
Epoch: 3, Accuracy: 0.9367, F1 Score: 0.9359
Epoch: 4, Accuracy: 0.9406, F1 Score: 0.9390
Epoch: 5, Accuracy: 0.9577, F1 Score: 0.9570
Epoch: 6, Accuracy: 0.9843, F1 Score: 0.9843
Epoch: 7, Accuracy: 0.9858, F1 Score: 0.9858
Epoch: 8, Accuracy: 0.9866, F1 Score: 0.9865
Epoch: 9, Accuracy: 0.9920, F1 Score: 0.9920
Model Sparsity After Finetuning: 40.00%
----------------------------------------
Start Test on Sparsity: 50%
Before Finetuning Accuracy: 0.7044, F1 Score: 0.5822
Epoch: 0, Accuracy: 0.8220, F1 Score: 0.8082
Epoch: 1, Accuracy: 0.8938, F1 Score: 0.8893
Epoch: 2, Accuracy: 0.9323, F1 Score: 0.9313
Epoch: 3, Accuracy: 0.9487, F1 Score: 0.9479
Epoch: 4, Accuracy: 0.9255, F1 Score: 0.9228
Epoch: 5, Accuracy: 0.9494, F1 Score: 0.9481
Epoch: 6, Accuracy: 0.9767, F1 Score: 0.9767
Epoch: 7, Accuracy: 0.9837, F1 Score: 0.9837
Epoch: 8, Accuracy: 0.9836, F1 Score: 0.9835
Epoch: 9, Accuracy: 0.9895, F1 Score: 0.9894
Model Sparsity After Finetuning: 50.00%
----------------------------------------
Start Test on Sparsity: 60%
Before Finetuning Accuracy: 0.7040, F1 Score: 0.5827
Epoch: 0, Accuracy: 0.7044, F1 Score: 0.5822
Epoch: 1, Accuracy: 0.8546, F1 Score: 0.8476
Epoch: 2, Accuracy: 0.8940, F1 Score: 0.8890
Epoch: 3, Accuracy: 0.9379, F1 Score: 0.9365
Epoch: 4, Accuracy: 0.9423, F1 Score: 0.9411
Epoch: 5, Accuracy: 0.9156, F1 Score: 0.9121
Epoch: 6, Accuracy: 0.9687, F1 Score: 0.9683
Epoch: 7, Accuracy: 0.9855, F1 Score: 0.9855
Epoch: 8, Accuracy: 0.9899, F1 Score: 0.9899
Epoch: 9, Accuracy: 0.9891, F1 Score: 0.9891
Model Sparsity After Finetuning: 60.00%
----------------------------------------
Start Test on Sparsity: 70%
Before Finetuning Accuracy: 0.7044, F1 Score: 0.5822
Epoch: 0, Accuracy: 0.7044, F1 Score: 0.5822
Epoch: 1, Accuracy: 0.7049, F1 Score: 0.5836
Epoch: 2, Accuracy: 0.8411, F1 Score: 0.8265
Epoch: 3, Accuracy: 0.8773, F1 Score: 0.8689
Epoch: 4, Accuracy: 0.9171, F1 Score: 0.9141
Epoch: 5, Accuracy: 0.9206, F1 Score: 0.9175
Epoch: 6, Accuracy: 0.9291, F1 Score: 0.9265
Epoch: 7, Accuracy: 0.9440, F1 Score: 0.9426
Epoch: 8, Accuracy: 0.9780, F1 Score: 0.9779
Epoch: 9, Accuracy: 0.9791, F1 Score: 0.9790
Model Sparsity After Finetuning: 70.00%
----------------------------------------
Start Test on Sparsity: 80%
Before Finetuning Accuracy: 0.7044, F1 Score: 0.5822
Epoch: 0, Accuracy: 0.7044, F1 Score: 0.5822
Epoch: 1, Accuracy: 0.7044, F1 Score: 0.5822
Epoch: 2, Accuracy: 0.7044, F1 Score: 0.5822
Epoch: 3, Accuracy: 0.7044, F1 Score: 0.5822
Epoch: 4, Accuracy: 0.7044, F1 Score: 0.5822
Epoch: 5, Accuracy: 0.7044, F1 Score: 0.5822
Epoch: 6, Accuracy: 0.7044, F1 Score: 0.5822
Epoch: 7, Accuracy: 0.7756, F1 Score: 0.7548
Epoch: 8, Accuracy: 0.8362, F1 Score: 0.8299
Epoch: 9, Accuracy: 0.8638, F1 Score: 0.8643
Model Sparsity After Finetuning: 80.00%
----------------------------------------
Start Test on Sparsity: 90%
Before Finetuning Accuracy: 0.7032, F1 Score: 0.5825
Epoch: 0, Accuracy: 0.7044, F1 Score: 0.5822
Epoch: 1, Accuracy: 0.7044, F1 Score: 0.5822
Epoch: 2, Accuracy: 0.7044, F1 Score: 0.5822
Epoch: 3, Accuracy: 0.7044, F1 Score: 0.5822
Epoch: 4, Accuracy: 0.7044, F1 Score: 0.5822
Epoch: 5, Accuracy: 0.7044, F1 Score: 0.5822
Epoch: 6, Accuracy: 0.7044, F1 Score: 0.5822
Epoch: 7, Accuracy: 0.7044, F1 Score: 0.5822
Epoch: 8, Accuracy: 0.7044, F1 Score: 0.5822
Epoch: 9, Accuracy: 0.7044, F1 Score: 0.5822
Model Sparsity After Finetuning: 90.00%
----------------------------------------
