Start Test on Sparsity: 0%
Before Finetuning Accuracy: 0.7031, F1 Score: 0.5970
Epoch: 0, Accuracy: 0.8743, F1 Score: 0.8698
Epoch: 1, Accuracy: 0.9235, F1 Score: 0.9227
Epoch: 2, Accuracy: 0.9524, F1 Score: 0.9520
Epoch: 3, Accuracy: 0.9593, F1 Score: 0.9588
Epoch: 4, Accuracy: 0.9664, F1 Score: 0.9659
Epoch: 5, Accuracy: 0.9800, F1 Score: 0.9799
Epoch: 6, Accuracy: 0.9826, F1 Score: 0.9825
Epoch: 7, Accuracy: 0.9868, F1 Score: 0.9868
Epoch: 8, Accuracy: 0.9866, F1 Score: 0.9865
Epoch: 9, Accuracy: 0.9867, F1 Score: 0.9866
Epoch: 10, Accuracy: 0.9925, F1 Score: 0.9925
Epoch: 11, Accuracy: 0.9911, F1 Score: 0.9911
Epoch: 12, Accuracy: 0.9937, F1 Score: 0.9937
Epoch: 13, Accuracy: 0.9959, F1 Score: 0.9959
Epoch: 14, Accuracy: 0.9960, F1 Score: 0.9960
Model Sparsity After Finetuning: 0.00%
----------------------------------------
Start Test on Sparsity: 10%
Before Finetuning Accuracy: 0.6998, F1 Score: 0.5842
Epoch: 0, Accuracy: 0.8581, F1 Score: 0.8491
Epoch: 1, Accuracy: 0.9124, F1 Score: 0.9102
Epoch: 2, Accuracy: 0.9429, F1 Score: 0.9419
Epoch: 3, Accuracy: 0.9654, F1 Score: 0.9653
Epoch: 4, Accuracy: 0.9506, F1 Score: 0.9499
Epoch: 5, Accuracy: 0.9625, F1 Score: 0.9619
Epoch: 6, Accuracy: 0.9853, F1 Score: 0.9852
Epoch: 7, Accuracy: 0.9901, F1 Score: 0.9900
Epoch: 8, Accuracy: 0.9878, F1 Score: 0.9878
Epoch: 9, Accuracy: 0.9905, F1 Score: 0.9905
Epoch: 10, Accuracy: 0.9918, F1 Score: 0.9918
Epoch: 11, Accuracy: 0.9898, F1 Score: 0.9898
Epoch: 12, Accuracy: 0.9942, F1 Score: 0.9942
Epoch: 13, Accuracy: 0.9949, F1 Score: 0.9949
Epoch: 14, Accuracy: 0.9960, F1 Score: 0.9960
Model Sparsity After Finetuning: 10.00%
----------------------------------------
Start Test on Sparsity: 20%
Before Finetuning Accuracy: 0.6771, F1 Score: 0.6002
Epoch: 0, Accuracy: 0.8355, F1 Score: 0.8241
Epoch: 1, Accuracy: 0.8976, F1 Score: 0.8937
Epoch: 2, Accuracy: 0.9326, F1 Score: 0.9316
Epoch: 3, Accuracy: 0.9445, F1 Score: 0.9438
Epoch: 4, Accuracy: 0.9664, F1 Score: 0.9662
Epoch: 5, Accuracy: 0.9698, F1 Score: 0.9696
Epoch: 6, Accuracy: 0.9712, F1 Score: 0.9710
Epoch: 7, Accuracy: 0.9856, F1 Score: 0.9856
Epoch: 8, Accuracy: 0.9841, F1 Score: 0.9840
Epoch: 9, Accuracy: 0.9828, F1 Score: 0.9827
Epoch: 10, Accuracy: 0.9869, F1 Score: 0.9869
Epoch: 11, Accuracy: 0.9857, F1 Score: 0.9857
Epoch: 12, Accuracy: 0.9919, F1 Score: 0.9919
Epoch: 13, Accuracy: 0.9883, F1 Score: 0.9883
Epoch: 14, Accuracy: 0.9946, F1 Score: 0.9946
Model Sparsity After Finetuning: 20.00%
----------------------------------------
Start Test on Sparsity: 30%
Before Finetuning Accuracy: 0.6896, F1 Score: 0.6005
Epoch: 0, Accuracy: 0.8687, F1 Score: 0.8617
Epoch: 1, Accuracy: 0.9212, F1 Score: 0.9199
Epoch: 2, Accuracy: 0.9420, F1 Score: 0.9413
Epoch: 3, Accuracy: 0.9668, F1 Score: 0.9666
Epoch: 4, Accuracy: 0.9710, F1 Score: 0.9707
Epoch: 5, Accuracy: 0.9797, F1 Score: 0.9795
Epoch: 6, Accuracy: 0.9812, F1 Score: 0.9811
Epoch: 7, Accuracy: 0.9840, F1 Score: 0.9839
Epoch: 8, Accuracy: 0.9866, F1 Score: 0.9865
Epoch: 9, Accuracy: 0.9901, F1 Score: 0.9900
Epoch: 10, Accuracy: 0.9933, F1 Score: 0.9933
Epoch: 11, Accuracy: 0.9949, F1 Score: 0.9948
Epoch: 12, Accuracy: 0.9919, F1 Score: 0.9919
Epoch: 13, Accuracy: 0.9951, F1 Score: 0.9951
Epoch: 14, Accuracy: 0.9926, F1 Score: 0.9926
Model Sparsity After Finetuning: 30.00%
----------------------------------------
Start Test on Sparsity: 40%
Before Finetuning Accuracy: 0.3108, F1 Score: 0.2294
Epoch: 0, Accuracy: 0.8544, F1 Score: 0.8482
Epoch: 1, Accuracy: 0.9143, F1 Score: 0.9122
Epoch: 2, Accuracy: 0.9423, F1 Score: 0.9418
Epoch: 3, Accuracy: 0.9614, F1 Score: 0.9610
Epoch: 4, Accuracy: 0.9635, F1 Score: 0.9631
Epoch: 5, Accuracy: 0.9812, F1 Score: 0.9811
Epoch: 6, Accuracy: 0.9851, F1 Score: 0.9852
Epoch: 7, Accuracy: 0.9856, F1 Score: 0.9855
Epoch: 8, Accuracy: 0.9937, F1 Score: 0.9937
Epoch: 9, Accuracy: 0.9936, F1 Score: 0.9936
Epoch: 10, Accuracy: 0.9922, F1 Score: 0.9922
Epoch: 11, Accuracy: 0.9922, F1 Score: 0.9922
Epoch: 12, Accuracy: 0.9930, F1 Score: 0.9930
Epoch: 13, Accuracy: 0.9949, F1 Score: 0.9948
Epoch: 14, Accuracy: 0.9957, F1 Score: 0.9957
Model Sparsity After Finetuning: 40.00%
----------------------------------------
Start Test on Sparsity: 50%
Before Finetuning Accuracy: 0.6002, F1 Score: 0.6076
Epoch: 0, Accuracy: 0.7045, F1 Score: 0.5825
Epoch: 1, Accuracy: 0.8528, F1 Score: 0.8454
Epoch: 2, Accuracy: 0.8431, F1 Score: 0.8292
Epoch: 3, Accuracy: 0.8748, F1 Score: 0.8726
Epoch: 4, Accuracy: 0.9223, F1 Score: 0.9221
Epoch: 5, Accuracy: 0.9420, F1 Score: 0.9414
Epoch: 6, Accuracy: 0.9381, F1 Score: 0.9377
Epoch: 7, Accuracy: 0.9532, F1 Score: 0.9530
Epoch: 8, Accuracy: 0.9558, F1 Score: 0.9558
Epoch: 9, Accuracy: 0.9621, F1 Score: 0.9621
Epoch: 10, Accuracy: 0.9718, F1 Score: 0.9719
Epoch: 11, Accuracy: 0.9745, F1 Score: 0.9746
Epoch: 12, Accuracy: 0.9788, F1 Score: 0.9789
Epoch: 13, Accuracy: 0.9749, F1 Score: 0.9748
Epoch: 14, Accuracy: 0.9793, F1 Score: 0.9793
Model Sparsity After Finetuning: 50.00%
----------------------------------------
Start Test on Sparsity: 60%
Before Finetuning Accuracy: 0.6861, F1 Score: 0.5864
Epoch: 0, Accuracy: 0.7042, F1 Score: 0.5821
Epoch: 1, Accuracy: 0.8035, F1 Score: 0.7751
Epoch: 2, Accuracy: 0.8915, F1 Score: 0.8871
Epoch: 3, Accuracy: 0.9310, F1 Score: 0.9297
Epoch: 4, Accuracy: 0.8773, F1 Score: 0.8699
Epoch: 5, Accuracy: 0.9490, F1 Score: 0.9486
Epoch: 6, Accuracy: 0.9553, F1 Score: 0.9550
Epoch: 7, Accuracy: 0.9739, F1 Score: 0.9740
Epoch: 8, Accuracy: 0.9801, F1 Score: 0.9801
Epoch: 9, Accuracy: 0.9833, F1 Score: 0.9833
Epoch: 10, Accuracy: 0.9797, F1 Score: 0.9796
Epoch: 11, Accuracy: 0.9825, F1 Score: 0.9825
Epoch: 12, Accuracy: 0.9822, F1 Score: 0.9822
Epoch: 13, Accuracy: 0.9830, F1 Score: 0.9830
Epoch: 14, Accuracy: 0.9715, F1 Score: 0.9713
Model Sparsity After Finetuning: 60.00%
----------------------------------------
Start Test on Sparsity: 70%
Before Finetuning Accuracy: 0.3086, F1 Score: 0.1825
Epoch: 0, Accuracy: 0.7044, F1 Score: 0.5822
Epoch: 1, Accuracy: 0.7044, F1 Score: 0.5822
Epoch: 2, Accuracy: 0.7044, F1 Score: 0.5822
Epoch: 3, Accuracy: 0.7044, F1 Score: 0.5822
Epoch: 4, Accuracy: 0.7044, F1 Score: 0.5822
Epoch: 5, Accuracy: 0.7044, F1 Score: 0.5822
Epoch: 6, Accuracy: 0.7044, F1 Score: 0.5822
Epoch: 7, Accuracy: 0.7044, F1 Score: 0.5822
Epoch: 8, Accuracy: 0.7044, F1 Score: 0.5822
Epoch: 9, Accuracy: 0.7044, F1 Score: 0.5822
Epoch: 10, Accuracy: 0.7044, F1 Score: 0.5822
Epoch: 11, Accuracy: 0.7044, F1 Score: 0.5822
Epoch: 12, Accuracy: 0.7044, F1 Score: 0.5822
Epoch: 13, Accuracy: 0.7044, F1 Score: 0.5822
Epoch: 14, Accuracy: 0.7044, F1 Score: 0.5822
Model Sparsity After Finetuning: 70.00%
----------------------------------------
Start Test on Sparsity: 80%
Before Finetuning Accuracy: 0.4244, F1 Score: 0.4360
Epoch: 0, Accuracy: 0.7044, F1 Score: 0.5822
Epoch: 1, Accuracy: 0.7044, F1 Score: 0.5822
Epoch: 2, Accuracy: 0.7044, F1 Score: 0.5822
Epoch: 3, Accuracy: 0.7044, F1 Score: 0.5822
Epoch: 4, Accuracy: 0.7044, F1 Score: 0.5822
Epoch: 5, Accuracy: 0.7044, F1 Score: 0.5822
Epoch: 6, Accuracy: 0.7044, F1 Score: 0.5822
Epoch: 7, Accuracy: 0.7044, F1 Score: 0.5822
Epoch: 8, Accuracy: 0.7044, F1 Score: 0.5822
Epoch: 9, Accuracy: 0.7044, F1 Score: 0.5822
Epoch: 10, Accuracy: 0.7044, F1 Score: 0.5822
Epoch: 11, Accuracy: 0.7044, F1 Score: 0.5822
Epoch: 12, Accuracy: 0.7044, F1 Score: 0.5822
Epoch: 13, Accuracy: 0.7044, F1 Score: 0.5822
Epoch: 14, Accuracy: 0.7044, F1 Score: 0.5822
Model Sparsity After Finetuning: 80.00%
----------------------------------------
Start Test on Sparsity: 90%
Before Finetuning Accuracy: 0.3146, F1 Score: 0.1950
Epoch: 0, Accuracy: 0.7044, F1 Score: 0.5822
Epoch: 1, Accuracy: 0.7044, F1 Score: 0.5822
Epoch: 2, Accuracy: 0.7044, F1 Score: 0.5822
Epoch: 3, Accuracy: 0.7044, F1 Score: 0.5822
Epoch: 4, Accuracy: 0.7044, F1 Score: 0.5822
Epoch: 5, Accuracy: 0.7044, F1 Score: 0.5822
Epoch: 6, Accuracy: 0.7044, F1 Score: 0.5822
Epoch: 7, Accuracy: 0.7044, F1 Score: 0.5822
Epoch: 8, Accuracy: 0.7044, F1 Score: 0.5822
Epoch: 9, Accuracy: 0.7044, F1 Score: 0.5822
Epoch: 10, Accuracy: 0.7044, F1 Score: 0.5822
Epoch: 11, Accuracy: 0.7044, F1 Score: 0.5822
Epoch: 12, Accuracy: 0.7044, F1 Score: 0.5822
Epoch: 13, Accuracy: 0.7044, F1 Score: 0.5822
Epoch: 14, Accuracy: 0.7044, F1 Score: 0.5822
Model Sparsity After Finetuning: 90.00%
----------------------------------------
